kotlin version: 2.2.20
error message: org.jetbrains.kotlin.backend.common.CompilationException: Back-end: Please report this problem https://kotl.in/issue
C:/dev/backend/self-test-quiz-service/src/main/kotlin/com/xapps/selftest/quiz/domain/model/SelfTestQuiz.kt:156:1
Problem with `@Serializable
data class SelfTestQuiz : QuizContract, Root {
  constructor(title: String = "", subject: String = "", topic: String? = null, description: String? = null, questions: List<SelfTestQuestion> = emptyList<SelfTestQuestion>(), type: QuizType = QuizType.SELF_TEST, createdAt: Instant = nowInKotlinInstant(), attempts: List<SelfTestAttempt> = emptyList<SelfTestAttempt>(), timerDurationSeconds: Long? = null, selfTestSummarizedNote: SelfTestSummarizedNote? = null) /* primary */ {
    super/*Root*/()
    /* <init>() */

  }

  @Contextual
  override val title: String
    field = title
    override get

  override val subject: String
    field = subject
    override get

  override val topic: String?
    field = topic
    override get

  override val description: String?
    field = description
    override get

  override val questions: List<SelfTestQuestion>
    field = questions
    override get

  override val type: QuizType
    field = type
    override get

  override val createdAt: Instant
    field = createdAt
    override get

  val attempts: List<SelfTestAttempt>
    field = attempts
    get

  val timerDurationSeconds: Long?
    field = timerDurationSeconds
    get

  val selfTestSummarizedNote: SelfTestSummarizedNote?
    field = selfTestSummarizedNote
    get

  val isTimed: Boolean
    get(): Boolean {
      return greater(arg0 = { // BLOCK
        val tmp0_elvis_lhs: Long? = <this>.<get-timerDurationSeconds>()
        when {
          EQEQ(arg0 = tmp0_elvis_lhs, arg1 = null) -> 0L
          else -> tmp0_elvis_lhs
        }
      }, arg1 = 0.toLong())
    }

  val numberOfAttempts: Int
    get(): Int {
      return <this>.<get-attempts>().<get-size>()
    }

  val numberOfQuestions: Int
    get(): Int {
      return <this>.<get-questions>().<get-size>()
    }

  val lastAttempt: SelfTestAttempt?
    get(): SelfTestAttempt? {
      return maxByOrNull<SelfTestAttempt, Int>(/* <this> = <this>.<get-attempts>(), */ selector = local fun <anonymous>(it: SelfTestAttempt): Int {
        return it.<get-attemptNumber>()
      }
)
    }

  fun countUnfinishedAttempts(): Int {
    return count<SelfTestAttempt>(/* <this> = <this>.<get-attempts>(), */ predicate = local fun <anonymous>(it: SelfTestAttempt): Boolean {
      return it.<get-isUnfinished>()
    }
)
  }

  fun unfinishedAttemptOrNull(): SelfTestAttempt? {
    return firstOrNull<SelfTestAttempt>(/* <this> = <this>.<get-attempts>(), */ predicate = local fun <anonymous>(it: SelfTestAttempt): Boolean {
      return it.<get-isUnfinished>()
    }
)
  }

  fun hasUnfinishedAttempt(): Boolean {
    return EQEQ(arg0 = <this>.unfinishedAttemptOrNull(), arg1 = null).not()
  }

  val difficulty: Difficulty
    get(): Difficulty {
      return Companion.fromWeight(weight = average(/* <this> = map<SelfTestQuestion, Double>(/* <this> = <this>.<get-questions>(), */ transform = local fun <anonymous>(it: SelfTestQuestion): Double {
        return it.<get-difficulty>().<get-weight>()
      }
) */))
    }

  fun averageDifficulty(): Difficulty {
    val weights: List<Double> = map<SelfTestQuestion, Double>(/* <this> = <this>.<get-questions>(), */ transform = local fun <anonymous>(it: SelfTestQuestion): Double {
      return it.<get-difficulty>().<get-weight>()
    }
)
    return when {
      weights.isEmpty() -> <this>.<get-difficulty>()
      else -> Companion.fromWeight(weight = average(/* <this> = weights */))
    }
  }

  val lastActivityAt: Instant?
    get(): Instant? {
      return { // BLOCK
        val tmp0_safe_receiver: SelfTestAttempt? = <this>.<get-lastAttempt>()
        when {
          EQEQ(arg0 = tmp0_safe_receiver, arg1 = null) -> null
          else -> let<SelfTestAttempt, Instant>(/* <this> = tmp0_safe_receiver /*as SelfTestAttempt */, */ block = local fun <anonymous>(attempt: SelfTestAttempt): Instant {
            return { // BLOCK
              val state: AttemptState = attempt.<get-attemptTimeLine>().<get-state>()
              when {
                state is Completed -> state /*as Completed */.<get-completedAt>()
                state is OnGoing -> state /*as OnGoing */.<get-lastEventAt>()
                EQEQ(arg0 = state, arg1 = Paused) -> attempt.<get-attemptTimeLine>().<get-startedAt>()
                else -> noWhenBranchMatchedException()
              }
            }
          }
)
        }
      }
    }

  companion object Companion {
    private constructor() /* primary */ {
      super/*Any*/()
      /* <init>() */

    }

    fun serializer(): KSerializer<SelfTestQuiz>

    /* fake */ override operator fun equals(other: Any?): Boolean

    /* fake */ override fun hashCode(): Int

    /* fake */ override fun toString(): String

  }

  @Deprecated(message = "This synthesized declaration should not be used directly", level = DeprecationLevel.HIDDEN)
  object $serializer : GeneratedSerializer<SelfTestQuiz> {
    private constructor() /* primary */ {
      super/*Any*/()
      /* <init>() */

    }

    override fun serialize(encoder: Encoder, value: SelfTestQuiz)

    override fun deserialize(decoder: Decoder): SelfTestQuiz

    override val descriptor: SerialDescriptor
      override get

    override fun childSerializers(): Array<KSerializer<*>>

    /* fake */ override fun typeParametersSerializers(): Array<KSerializer<*>>

    /* fake */ override operator fun equals(other: Any?): Boolean

    /* fake */ override fun hashCode(): Int

    /* fake */ override fun toString(): String

  }

  operator fun component1(): String {
    return <this>.#title
  }

  operator fun component2(): String {
    return <this>.#subject
  }

  operator fun component3(): String? {
    return <this>.#topic
  }

  operator fun component4(): String? {
    return <this>.#description
  }

  operator fun component5(): List<SelfTestQuestion> {
    return <this>.#questions
  }

  operator fun component6(): QuizType {
    return <this>.#type
  }

  operator fun component7(): Instant {
    return <this>.#createdAt
  }

  operator fun component8(): List<SelfTestAttempt> {
    return <this>.#attempts
  }

  operator fun component9(): Long? {
    return <this>.#timerDurationSeconds
  }

  operator fun component10(): SelfTestSummarizedNote? {
    return <this>.#selfTestSummarizedNote
  }

  fun copy(title: String = <this>.#title, subject: String = <this>.#subject, topic: String? = <this>.#topic, description: String? = <this>.#description, questions: List<SelfTestQuestion> = <this>.#questions, type: QuizType = <this>.#type, createdAt: Instant = <this>.#createdAt, attempts: List<SelfTestAttempt> = <this>.#attempts, timerDurationSeconds: Long? = <this>.#timerDurationSeconds, selfTestSummarizedNote: SelfTestSummarizedNote? = <this>.#selfTestSummarizedNote): SelfTestQuiz {
    return SelfTestQuiz(title = title, subject = subject, topic = topic, description = description, questions = questions, type = type, createdAt = createdAt, attempts = attempts, timerDurationSeconds = timerDurationSeconds, selfTestSummarizedNote = selfTestSummarizedNote)
  }

  override fun toString(): String {
    return "SelfTestQuiz(" + "title=" + <this>.#title + ", " + "subject=" + <this>.#subject + ", " + "topic=" + <this>.#topic + ", " + "description=" + <this>.#description + ", " + "questions=" + <this>.#questions + ", " + "type=" + <this>.#type + ", " + "createdAt=" + <this>.#createdAt + ", " + "attempts=" + <this>.#attempts + ", " + "timerDurationSeconds=" + <this>.#timerDurationSeconds + ", " + "selfTestSummarizedNote=" + <this>.#selfTestSummarizedNote + ")"
  }

  override fun hashCode(): Int {
    var result: Int = <this>.#title.hashCode()
    result = result.times(other = 31).plus(other = <this>.#subject.hashCode())
    result = result.times(other = 31).plus(other = when {
      EQEQ(arg0 = <this>.#topic, arg1 = null) -> 0
      else -> <this>.#topic.hashCode()
    })
    result = result.times(other = 31).plus(other = when {
      EQEQ(arg0 = <this>.#description, arg1 = null) -> 0
      else -> <this>.#description.hashCode()
    })
    result = result.times(other = 31).plus(other = <this>.#questions.hashCode())
    result = result.times(other = 31).plus(other = <this>.#type.hashCode())
    result = result.times(other = 31).plus(other = <this>.#createdAt.hashCode())
    result = result.times(other = 31).plus(other = <this>.#attempts.hashCode())
    result = result.times(other = 31).plus(other = when {
      EQEQ(arg0 = <this>.#timerDurationSeconds, arg1 = null) -> 0
      else -> <this>.#timerDurationSeconds.hashCode()
    })
    result = result.times(other = 31).plus(other = when {
      EQEQ(arg0 = <this>.#selfTestSummarizedNote, arg1 = null) -> 0
      else -> <this>.#selfTestSummarizedNote.hashCode()
    })
    return result
  }

  override operator fun equals(other: Any?): Boolean {
    when {
      EQEQEQ(arg0 = <this>, arg1 = other) -> return true
    }
    when {
      other !is SelfTestQuiz -> return false
    }
    val tmp0_other_with_cast: SelfTestQuiz = other /*as SelfTestQuiz */
    when {
      EQEQ(arg0 = <this>.#title, arg1 = tmp0_other_with_cast.#title).not() -> return false
    }
    when {
      EQEQ(arg0 = <this>.#subject, arg1 = tmp0_other_with_cast.#subject).not() -> return false
    }
    when {
      EQEQ(arg0 = <this>.#topic, arg1 = tmp0_other_with_cast.#topic).not() -> return false
    }
    when {
      EQEQ(arg0 = <this>.#description, arg1 = tmp0_other_with_cast.#description).not() -> return false
    }
    when {
      EQEQ(arg0 = <this>.#questions, arg1 = tmp0_other_with_cast.#questions).not() -> return false
    }
    when {
      EQEQ(arg0 = <this>.#type, arg1 = tmp0_other_with_cast.#type).not() -> return false
    }
    when {
      EQEQ(arg0 = <this>.#createdAt, arg1 = tmp0_other_with_cast.#createdAt).not() -> return false
    }
    when {
      EQEQ(arg0 = <this>.#attempts, arg1 = tmp0_other_with_cast.#attempts).not() -> return false
    }
    when {
      EQEQ(arg0 = <this>.#timerDurationSeconds, arg1 = tmp0_other_with_cast.#timerDurationSeconds).not() -> return false
    }
    when {
      EQEQ(arg0 = <this>.#selfTestSummarizedNote, arg1 = tmp0_other_with_cast.#selfTestSummarizedNote).not() -> return false
    }
    return true
  }

  /* fake */ override fun state(): State

  /* fake */ override fun id(): String

  /* fake */ override inline fun <reified T : Root> withId(id: String): T

  @JvmStatic
  internal /* static */ fun write$Self(self: SelfTestQuiz, output: CompositeEncoder, serialDesc: SerialDescriptor)

  internal constructor(seen0: Int, title: String?, subject: String?, topic: String?, description: String?, questions: List<SelfTestQuestion>?, type: QuizType?, createdAt: Instant?, attempts: List<SelfTestAttempt>?, timerDurationSeconds: Long?, selfTestSummarizedNote: SelfTestSummarizedNote?, serializationConstructorMarker: SerializationConstructorMarker?)

}

`
Details: kotlinx.serialization compiler plugin internal error: unable to transform declaration, see cause
	at org.jetbrains.kotlinx.serialization.compiler.extensions.SerializerClassLowering.lower(SerializationLoweringExtension.kt:233)
	at org.jetbrains.kotlinx.serialization.compiler.extensions.SerializationLoweringExtensionKt$runOnFileInOrder$1.visitClass(SerializationLoweringExtension.kt:46)
	at org.jetbrains.kotlin.ir.visitors.IrVisitorVoid.visitClass(IrVisitorVoid.kt:44)
	at org.jetbrains.kotlin.ir.visitors.IrVisitorVoid.visitClass(IrVisitorVoid.kt:18)
	at org.jetbrains.kotlin.ir.declarations.IrClass.accept(IrClass.kt:72)
	at org.jetbrains.kotlin.ir.declarations.IrPackageFragment.acceptChildren(IrPackageFragment.kt:27)
	at org.jetbrains.kotlin.ir.visitors.IrVisitorsKt.acceptChildrenVoid(IrVisitors.kt:23)
	at org.jetbrains.kotlinx.serialization.compiler.extensions.SerializationLoweringExtensionKt$runOnFileInOrder$1.visitElement(SerializationLoweringExtension.kt:42)
	at org.jetbrains.kotlin.ir.visitors.IrVisitorVoid.visitPackageFragment(IrVisitorVoid.kt:168)
	at org.jetbrains.kotlin.ir.visitors.IrVisitorVoid.visitFile(IrVisitorVoid.kt:184)
	at org.jetbrains.kotlin.ir.visitors.IrVisitorVoid.visitFile(IrVisitorVoid.kt:180)
	at org.jetbrains.kotlin.ir.visitors.IrVisitorVoid.visitFile(IrVisitorVoid.kt:18)
	at org.jetbrains.kotlin.ir.declarations.IrFile.accept(IrFile.kt:27)
	at org.jetbrains.kotlin.ir.visitors.IrVisitorsKt.acceptVoid(IrVisitors.kt:11)
	at org.jetbrains.kotlinx.serialization.compiler.extensions.SerializationLoweringExtensionKt.runOnFileInOrder(SerializationLoweringExtension.kt:40)
	at org.jetbrains.kotlinx.serialization.compiler.extensions.SerializationLoweringExtension.generate(SerializationLoweringExtension.kt:197)
	at org.jetbrains.kotlin.fir.pipeline.ConvertToIrKt.applyIrGenerationExtensions(convertToIr.kt:498)
	at org.jetbrains.kotlin.fir.pipeline.Fir2IrPipeline.runActualizationPipeline(convertToIr.kt:253)
	at org.jetbrains.kotlin.fir.pipeline.Fir2IrPipeline.convertToIrAndActualize(convertToIr.kt:134)
	at org.jetbrains.kotlin.fir.pipeline.ConvertToIrKt.convertToIrAndActualize(convertToIr.kt:100)
	at org.jetbrains.kotlin.fir.pipeline.ConvertToIrKt.convertToIrAndActualize$default(convertToIr.kt:73)
	at org.jetbrains.kotlin.cli.jvm.compiler.legacy.pipeline.JvmCompilerPipelineKt.convertToIrAndActualizeForJvm(jvmCompilerPipeline.kt:101)
	at org.jetbrains.kotlin.cli.pipeline.jvm.JvmFir2IrPipelinePhase.executePhase(JvmFir2IrPipelinePhase.kt:30)
	at org.jetbrains.kotlin.cli.pipeline.jvm.JvmFir2IrPipelinePhase.executePhase(JvmFir2IrPipelinePhase.kt:25)
	at org.jetbrains.kotlin.cli.pipeline.jvm.JvmFir2IrPipelinePhase.executePhase(JvmFir2IrPipelinePhase.kt:19)
	at org.jetbrains.kotlin.cli.pipeline.PipelinePhase.phaseBody(PipelinePhase.kt:68)
	at org.jetbrains.kotlin.cli.pipeline.PipelinePhase.phaseBody(PipelinePhase.kt:58)
	at org.jetbrains.kotlin.config.phaser.NamedCompilerPhase.invoke(CompilerPhase.kt:102)
	at org.jetbrains.kotlin.backend.common.phaser.CompositePhase.invoke(PhaseBuilders.kt:22)
	at org.jetbrains.kotlin.config.phaser.CompilerPhaseKt.invokeToplevel(CompilerPhase.kt:53)
	at org.jetbrains.kotlin.cli.pipeline.AbstractCliPipeline.runPhasedPipeline(AbstractCliPipeline.kt:109)
	at org.jetbrains.kotlin.cli.pipeline.AbstractCliPipeline.execute(AbstractCliPipeline.kt:68)
	at org.jetbrains.kotlin.cli.jvm.K2JVMCompiler.doExecutePhased(K2JVMCompiler.kt:79)
	at org.jetbrains.kotlin.cli.jvm.K2JVMCompiler.doExecutePhased(K2JVMCompiler.kt:45)
	at org.jetbrains.kotlin.cli.common.CLICompiler.execImpl(CLICompiler.kt:90)
	at org.jetbrains.kotlin.cli.common.CLICompiler.exec(CLICompiler.kt:352)
	at org.jetbrains.kotlin.incremental.IncrementalJvmCompilerRunnerBase.runCompiler(IncrementalJvmCompilerRunnerBase.kt:176)
	at org.jetbrains.kotlin.incremental.IncrementalJvmCompilerRunnerBase.runCompiler(IncrementalJvmCompilerRunnerBase.kt:39)
	at org.jetbrains.kotlin.incremental.IncrementalCompilerRunner.doCompile(IncrementalCompilerRunner.kt:499)
	at org.jetbrains.kotlin.incremental.IncrementalCompilerRunner.compileImpl(IncrementalCompilerRunner.kt:416)
	at org.jetbrains.kotlin.incremental.IncrementalCompilerRunner.compileNonIncrementally(IncrementalCompilerRunner.kt:301)
	at org.jetbrains.kotlin.incremental.IncrementalCompilerRunner.compile(IncrementalCompilerRunner.kt:128)
	at org.jetbrains.kotlin.daemon.CompileServiceImplBase.execIncrementalCompiler(CompileServiceImpl.kt:684)
	at org.jetbrains.kotlin.daemon.CompileServiceImplBase.access$execIncrementalCompiler(CompileServiceImpl.kt:94)
	at org.jetbrains.kotlin.daemon.CompileServiceImpl.compile(CompileServiceImpl.kt:1810)
	at java.base/jdk.internal.reflect.DirectMethodHandleAccessor.invoke(DirectMethodHandleAccessor.java:103)
	at java.base/java.lang.reflect.Method.invoke(Method.java:580)
	at java.rmi/sun.rmi.server.UnicastServerRef.dispatch(UnicastServerRef.java:360)
	at java.rmi/sun.rmi.transport.Transport$1.run(Transport.java:200)
	at java.rmi/sun.rmi.transport.Transport$1.run(Transport.java:197)
	at java.base/java.security.AccessController.doPrivileged(AccessController.java:714)
	at java.rmi/sun.rmi.transport.Transport.serviceCall(Transport.java:196)
	at java.rmi/sun.rmi.transport.tcp.TCPTransport.handleMessages(TCPTransport.java:598)
	at java.rmi/sun.rmi.transport.tcp.TCPTransport$ConnectionHandler.run0(TCPTransport.java:844)
	at java.rmi/sun.rmi.transport.tcp.TCPTransport$ConnectionHandler.lambda$run$0(TCPTransport.java:721)
	at java.base/java.security.AccessController.doPrivileged(AccessController.java:400)
	at java.rmi/sun.rmi.transport.tcp.TCPTransport$ConnectionHandler.run(TCPTransport.java:720)
	at java.base/java.util.concurrent.ThreadPoolExecutor.runWorker(ThreadPoolExecutor.java:1144)
	at java.base/java.util.concurrent.ThreadPoolExecutor$Worker.run(ThreadPoolExecutor.java:642)
	at java.base/java.lang.Thread.run(Thread.java:1583)
Caused by: java.lang.IllegalStateException: Serializer for element of type kotlin.time.Instant has not been found
	at org.jetbrains.kotlinx.serialization.compiler.backend.ir.SerializerSearchUtilKt.findTypeSerializerOrContext(SerializerSearchUtil.kt:85)
	at org.jetbrains.kotlinx.serialization.compiler.backend.ir.SerializerSearchUtilKt.getIrSerialTypeInfo(SerializerSearchUtil.kt:64)
	at org.jetbrains.kotlinx.serialization.compiler.backend.ir.BaseIrGenerator.cacheableChildSerializerInstance(BaseIrGenerator.kt:473)
	at org.jetbrains.kotlinx.serialization.compiler.backend.ir.BaseIrGenerator.createCachedChildSerializers(BaseIrGenerator.kt:465)
	at org.jetbrains.kotlinx.serialization.compiler.backend.ir.SerializableIrGenerator.<init>(SerializableIrGenerator.kt:62)
	at org.jetbrains.kotlinx.serialization.compiler.backend.ir.SerializableIrGenerator$Companion.generate(SerializableIrGenerator.kt:407)
	at org.jetbrains.kotlinx.serialization.compiler.extensions.SerializerClassLowering.lower(SerializationLoweringExtension.kt:149)
	... 59 more


